<?xml version="1.0" encoding="UTF-8"?>
<!-- Generated by org.testng.reporters.JUnitReportReporter -->
<testsuite hostname="Manka" failures="0" tests="1" name="ManojYedla.Subscription_Assignment.subscription_Sanity" time="38.666" errors="0" timestamp="2023-09-28T15:33:51 IST" skipped="0">
  <testcase classname="ManojYedla.Subscription_Assignment.subscription_Sanity" name="TestCase01ValidatingCountryKsa" time="38.666"/>
</testsuite> <!-- ManojYedla.Subscription_Assignment.subscription_Sanity -->
